-------------------------------------------------------------------------------
Test set: AccountTest
-------------------------------------------------------------------------------
Tests run: 1, Failures: 1, Errors: 0, Skipped: 0, Time elapsed: 0.048 s <<< FAILURE! - in AccountTest
testing  Time elapsed: 0.029 s  <<< FAILURE!
org.opentest4j.AssertionFailedError: This test is true, what the fuck! ==> expected: <true> but was: <false>
	at AccountTest.testing(AccountTest.java:12)

