-------------------------------------------------------------------------------
Test set: encapsulation.location.LocationTest
-------------------------------------------------------------------------------
Tests run: 5, Failures: 0, Errors: 4, Skipped: 0, Time elapsed: 0.05 s <<< FAILURE! - in encapsulation.location.LocationTest
testMoveDown  Time elapsed: 0.011 s  <<< ERROR!
java.lang.Error: 
Unresolved compilation problems: 
	The method up() is undefined for the type Location
	The method getX() is undefined for the type Location

	at encapsulation.location.LocationTest.testMoveDown(LocationTest.java:42)

testMoveLeft  Time elapsed: 0.002 s  <<< ERROR!
java.lang.Error: 
Unresolved compilation problems: 
	The method left() is undefined for the type Location
	The method getX() is undefined for the type Location

	at encapsulation.location.LocationTest.testMoveLeft(LocationTest.java:24)

testMoveUp  Time elapsed: 0.004 s  <<< ERROR!
java.lang.Error: 
Unresolved compilation problems: 
	The method up() is undefined for the type Location
	The method getY() is undefined for the type Location

	at encapsulation.location.LocationTest.testMoveUp(LocationTest.java:36)

testMoveRight  Time elapsed: 0.001 s  <<< ERROR!
java.lang.Error: 
Unresolved compilation problems: 
	The method right() is undefined for the type Location
	The method getX() is undefined for the type Location

	at encapsulation.location.LocationTest.testMoveRight(LocationTest.java:30)

