-------------------------------------------------------------------------------
Test set: stateandbehavior.RectangleTest
-------------------------------------------------------------------------------
Tests run: 8, Failures: 8, Errors: 0, Skipped: 0, Time elapsed: 0.064 s <<< FAILURE! - in stateandbehavior.RectangleTest
testAddXY  Time elapsed: 0.028 s  <<< FAILURE!
org.opentest4j.AssertionFailedError: expected: <1> but was: <2>
	at stateandbehavior.RectangleTest.assertValues(RectangleTest.java:24)
	at stateandbehavior.RectangleTest.testAddXY(RectangleTest.java:64)

testUnion  Time elapsed: 0.001 s  <<< FAILURE!
org.opentest4j.AssertionFailedError: expected: <1> but was: <2>
	at stateandbehavior.RectangleTest.assertValues(RectangleTest.java:24)
	at stateandbehavior.RectangleTest.testUnion(RectangleTest.java:153)

testAddRectangleToEmpty  Time elapsed: 0.003 s  <<< FAILURE!
org.opentest4j.AssertionFailedError: expected: <1> but was: <2>
	at stateandbehavior.RectangleTest.assertValues(RectangleTest.java:24)
	at stateandbehavior.RectangleTest.testAddRectangleToEmpty(RectangleTest.java:92)

testAddXYToEmpty  Time elapsed: 0.007 s  <<< FAILURE!
org.opentest4j.AssertionFailedError: expected: <1> but was: <2>
	at stateandbehavior.RectangleTest.assertValues(RectangleTest.java:24)
	at stateandbehavior.RectangleTest.testAddXYToEmpty(RectangleTest.java:54)

testAddSameXY  Time elapsed: 0.003 s  <<< FAILURE!
org.opentest4j.AssertionFailedError: expected: <1> but was: <2>
	at stateandbehavior.RectangleTest.assertValues(RectangleTest.java:24)
	at stateandbehavior.RectangleTest.testAddSameXY(RectangleTest.java:80)

testAddSameRectangle  Time elapsed: 0.002 s  <<< FAILURE!
org.opentest4j.AssertionFailedError: expected: <1> but was: <2>
	at stateandbehavior.RectangleTest.assertValues(RectangleTest.java:24)
	at stateandbehavior.RectangleTest.testAddSameRectangle(RectangleTest.java:132)

testRectangle  Time elapsed: 0.001 s  <<< FAILURE!
org.opentest4j.AssertionFailedError: expected: <0> but was: <1>
	at stateandbehavior.RectangleTest.assertValues(RectangleTest.java:24)
	at stateandbehavior.RectangleTest.assertEmpty(RectangleTest.java:31)
	at stateandbehavior.RectangleTest.testRectangle(RectangleTest.java:37)

testAddRectangle  Time elapsed: 0.003 s  <<< FAILURE!
org.opentest4j.AssertionFailedError: expected: <1> but was: <2>
	at stateandbehavior.RectangleTest.assertValues(RectangleTest.java:24)
	at stateandbehavior.RectangleTest.testAddRectangle(RectangleTest.java:109)

