<?xml version="1.0" encoding="UTF-8"?>
<testsuite xmlns:xsi="http://www.w3.org/2001/XMLSchema-instance" xsi:noNamespaceSchemaLocation="https://maven.apache.org/surefire/maven-surefire-plugin/xsd/surefire-test-report.xsd" name="encapsulation.AccountTest" time="0.078" tests="7" errors="0" skipped="0" failures="6">
  <properties>
    <property name="awt.toolkit" value="sun.awt.X11.XToolkit"/>
    <property name="java.specification.version" value="11"/>
    <property name="sun.cpu.isalist" value=""/>
    <property name="sun.jnu.encoding" value="UTF-8"/>
    <property name="java.class.path" value="/workspace/gitpod-test/ovinger/target/test-classes:/workspace/gitpod-test/ovinger/target/classes:/workspace/m2-repository/org/openjfx/javafx-fxml/13.0.1/javafx-fxml-13.0.1.jar:/workspace/m2-repository/org/openjfx/javafx-fxml/13.0.1/javafx-fxml-13.0.1-linux.jar:/workspace/m2-repository/org/openjfx/javafx-controls/13.0.1/javafx-controls-13.0.1.jar:/workspace/m2-repository/org/openjfx/javafx-controls/13.0.1/javafx-controls-13.0.1-linux.jar:/workspace/m2-repository/org/openjfx/javafx-graphics/13.0.1/javafx-graphics-13.0.1.jar:/workspace/m2-repository/org/openjfx/javafx-graphics/13.0.1/javafx-graphics-13.0.1-linux.jar:/workspace/m2-repository/org/openjfx/javafx-base/13.0.1/javafx-base-13.0.1.jar:/workspace/m2-repository/org/openjfx/javafx-base/13.0.1/javafx-base-13.0.1-linux.jar:/workspace/m2-repository/org/junit/jupiter/junit-jupiter-api/5.4.2/junit-jupiter-api-5.4.2.jar:/workspace/m2-repository/org/apiguardian/apiguardian-api/1.0.0/apiguardian-api-1.0.0.jar:/workspace/m2-repository/org/opentest4j/opentest4j/1.1.1/opentest4j-1.1.1.jar:/workspace/m2-repository/org/junit/platform/junit-platform-commons/1.4.2/junit-platform-commons-1.4.2.jar:/workspace/m2-repository/org/junit/jupiter/junit-jupiter-engine/5.4.2/junit-jupiter-engine-5.4.2.jar:/workspace/m2-repository/org/junit/platform/junit-platform-engine/1.4.2/junit-platform-engine-1.4.2.jar:"/>
    <property name="java.vm.vendor" value="Azul Systems, Inc."/>
    <property name="sun.arch.data.model" value="64"/>
    <property name="java.vendor.url" value="http://www.azulsystems.com/"/>
    <property name="user.timezone" value=""/>
    <property name="java.vm.specification.version" value="11"/>
    <property name="os.name" value="Linux"/>
    <property name="sun.java.launcher" value="SUN_STANDARD"/>
    <property name="user.country" value="US"/>
    <property name="sun.boot.library.path" value="/home/gitpod/.sdkman/candidates/java/11.0.2-zulufx/lib"/>
    <property name="sun.java.command" value="/workspace/gitpod-test/ovinger/target/surefire/surefirebooter195327006455663331.jar /workspace/gitpod-test/ovinger/target/surefire 2020-02-01T08-33-33_124-jvmRun1 surefire9584736054795637881tmp surefire_013592496801541491334tmp"/>
    <property name="jdk.debug" value="release"/>
    <property name="surefire.test.class.path" value="/workspace/gitpod-test/ovinger/target/test-classes:/workspace/gitpod-test/ovinger/target/classes:/workspace/m2-repository/org/openjfx/javafx-fxml/13.0.1/javafx-fxml-13.0.1.jar:/workspace/m2-repository/org/openjfx/javafx-fxml/13.0.1/javafx-fxml-13.0.1-linux.jar:/workspace/m2-repository/org/openjfx/javafx-controls/13.0.1/javafx-controls-13.0.1.jar:/workspace/m2-repository/org/openjfx/javafx-controls/13.0.1/javafx-controls-13.0.1-linux.jar:/workspace/m2-repository/org/openjfx/javafx-graphics/13.0.1/javafx-graphics-13.0.1.jar:/workspace/m2-repository/org/openjfx/javafx-graphics/13.0.1/javafx-graphics-13.0.1-linux.jar:/workspace/m2-repository/org/openjfx/javafx-base/13.0.1/javafx-base-13.0.1.jar:/workspace/m2-repository/org/openjfx/javafx-base/13.0.1/javafx-base-13.0.1-linux.jar:/workspace/m2-repository/org/junit/jupiter/junit-jupiter-api/5.4.2/junit-jupiter-api-5.4.2.jar:/workspace/m2-repository/org/apiguardian/apiguardian-api/1.0.0/apiguardian-api-1.0.0.jar:/workspace/m2-repository/org/opentest4j/opentest4j/1.1.1/opentest4j-1.1.1.jar:/workspace/m2-repository/org/junit/platform/junit-platform-commons/1.4.2/junit-platform-commons-1.4.2.jar:/workspace/m2-repository/org/junit/jupiter/junit-jupiter-engine/5.4.2/junit-jupiter-engine-5.4.2.jar:/workspace/m2-repository/org/junit/platform/junit-platform-engine/1.4.2/junit-platform-engine-1.4.2.jar:"/>
    <property name="sun.cpu.endian" value="little"/>
    <property name="user.home" value="/home/gitpod"/>
    <property name="user.language" value="en"/>
    <property name="java.specification.vendor" value="Oracle Corporation"/>
    <property name="java.version.date" value="2019-01-15"/>
    <property name="java.home" value="/home/gitpod/.sdkman/candidates/java/11.0.2-zulufx"/>
    <property name="file.separator" value="/"/>
    <property name="basedir" value="/workspace/gitpod-test/ovinger"/>
    <property name="java.vm.compressedOopsMode" value="Zero based"/>
    <property name="line.separator" value="&#10;"/>
    <property name="java.specification.name" value="Java Platform API Specification"/>
    <property name="java.vm.specification.vendor" value="Oracle Corporation"/>
    <property name="java.awt.graphicsenv" value="sun.awt.X11GraphicsEnvironment"/>
    <property name="surefire.real.class.path" value="/workspace/gitpod-test/ovinger/target/surefire/surefirebooter195327006455663331.jar"/>
    <property name="sun.management.compiler" value="HotSpot 64-Bit Tiered Compilers"/>
    <property name="java.runtime.version" value="11.0.2+7-LTS"/>
    <property name="user.name" value="gitpod"/>
    <property name="path.separator" value=":"/>
    <property name="os.version" value="4.14.138+"/>
    <property name="java.runtime.name" value="OpenJDK Runtime Environment"/>
    <property name="file.encoding" value="UTF-8"/>
    <property name="java.vm.name" value="OpenJDK 64-Bit Server VM"/>
    <property name="java.vendor.version" value="Zulu11.29+3-CA"/>
    <property name="localRepository" value="/workspace/m2-repository"/>
    <property name="java.vendor.url.bug" value="http://www.azulsystems.com/support/"/>
    <property name="java.io.tmpdir" value="/tmp"/>
    <property name="java.version" value="11.0.2"/>
    <property name="user.dir" value="/workspace/gitpod-test/ovinger"/>
    <property name="os.arch" value="amd64"/>
    <property name="java.vm.specification.name" value="Java Virtual Machine Specification"/>
    <property name="java.awt.printerjob" value="sun.print.PSPrinterJob"/>
    <property name="sun.os.patch.level" value="unknown"/>
    <property name="java.library.path" value="/usr/java/packages/lib:/usr/lib64:/lib64:/lib:/usr/lib"/>
    <property name="java.vendor" value="Azul Systems, Inc."/>
    <property name="java.vm.info" value="mixed mode"/>
    <property name="java.vm.version" value="11.0.2+7-LTS"/>
    <property name="sun.io.unicode.encoding" value="UnicodeLittle"/>
    <property name="java.class.version" value="55.0"/>
  </properties>
  <testcase name="account" classname="encapsulation.AccountTest" time="0.023">
    <failure message="Creating Account with negative balance should throw an IllegalArgumentException." type="org.opentest4j.AssertionFailedError">org.opentest4j.AssertionFailedError: Creating Account with negative balance should throw an IllegalArgumentException.
	at encapsulation.AccountTest.account(AccountTest.java:38)
</failure>
  </testcase>
  <testcase name="testSetInterestRate" classname="encapsulation.AccountTest" time="0.004">
    <failure message="expected: &lt;7.0&gt; but was: &lt;5.0&gt;" type="org.opentest4j.AssertionFailedError"><![CDATA[org.opentest4j.AssertionFailedError: expected: <7.0> but was: <5.0>
	at encapsulation.AccountTest.testSetInterestRate(AccountTest.java:57)
]]></failure>
  </testcase>
  <testcase name="testWithdrawTooLargeAmount" classname="encapsulation.AccountTest" time="0.003">
    <failure message="Expected IllegalArgumentException here" type="org.opentest4j.AssertionFailedError">org.opentest4j.AssertionFailedError: Expected IllegalArgumentException here
	at encapsulation.AccountTest.testWithdrawTooLargeAmount(AccountTest.java:96)
</failure>
  </testcase>
  <testcase name="testWithdraw" classname="encapsulation.AccountTest" time="0.006">
    <failure message="expected: &lt;50.0&gt; but was: &lt;100.0&gt;" type="org.opentest4j.AssertionFailedError"><![CDATA[org.opentest4j.AssertionFailedError: expected: <50.0> but was: <100.0>
	at encapsulation.AccountTest.testWithdraw(AccountTest.java:86)
]]></failure>
  </testcase>
  <testcase name="testDepositNegativeAmount" classname="encapsulation.AccountTest" time="0.006">
    <failure message="deposit should throw an IllegalArgumentException when given negative amounts." type="org.opentest4j.AssertionFailedError">org.opentest4j.AssertionFailedError: deposit should throw an IllegalArgumentException when given negative amounts.
	at encapsulation.AccountTest.testDepositNegativeAmount(AccountTest.java:75)
</failure>
  </testcase>
  <testcase name="testDeposit" classname="encapsulation.AccountTest" time="0.004">
    <failure message="expected: &lt;200.0&gt; but was: &lt;100.0&gt;" type="org.opentest4j.AssertionFailedError"><![CDATA[org.opentest4j.AssertionFailedError: expected: <200.0> but was: <100.0>
	at encapsulation.AccountTest.testDeposit(AccountTest.java:69)
]]></failure>
  </testcase>
  <testcase name="testingThatBalanceAndInterestRateAreSetCorrectly" classname="encapsulation.AccountTest" time="0.002"/>
</testsuite>