<?xml version="1.0" encoding="UTF-8"?>
<testsuite xmlns:xsi="http://www.w3.org/2001/XMLSchema-instance" xsi:noNamespaceSchemaLocation="https://maven.apache.org/surefire/maven-surefire-plugin/xsd/surefire-test-report.xsd" name="encapsulation.AccountTest" time="0.078" tests="7" errors="0" skipped="0" failures="6">
  <properties>
[...]
</properties>
  <testcase name="account" classname="encapsulation.AccountTest" time="0.023">
    <failure message="Creating Account with negative balance should throw an IllegalArgumentException." type="org.opentest4j.AssertionFailedError">org.opentest4j.AssertionFailedError: Creating Account with negative balance should throw an IllegalArgumentException.
	at encapsulation.AccountTest.account(AccountTest.java:38)
</failure>
  </testcase>
  <testcase name="testSetInterestRate" classname="encapsulation.AccountTest" time="0.004">
    <failure message="expected: &lt;7.0&gt; but was: &lt;5.0&gt;" type="org.opentest4j.AssertionFailedError"><![CDATA[org.opentest4j.AssertionFailedError: expected: <7.0> but was: <5.0>
	at encapsulation.AccountTest.testSetInterestRate(AccountTest.java:57)
]]></failure>
  </testcase>
  <testcase name="testWithdrawTooLargeAmount" classname="encapsulation.AccountTest" time="0.003">
    <failure message="Expected IllegalArgumentException here" type="org.opentest4j.AssertionFailedError">org.opentest4j.AssertionFailedError: Expected IllegalArgumentException here
	at encapsulation.AccountTest.testWithdrawTooLargeAmount(AccountTest.java:96)
</failure>
  </testcase>
  <testcase name="testWithdraw" classname="encapsulation.AccountTest" time="0.006">
    <failure message="expected: &lt;50.0&gt; but was: &lt;100.0&gt;" type="org.opentest4j.AssertionFailedError"><![CDATA[org.opentest4j.AssertionFailedError: expected: <50.0> but was: <100.0>
	at encapsulation.AccountTest.testWithdraw(AccountTest.java:86)
]]></failure>
  </testcase>
  <testcase name="testDepositNegativeAmount" classname="encapsulation.AccountTest" time="0.006">
    <failure message="deposit should throw an IllegalArgumentException when given negative amounts." type="org.opentest4j.AssertionFailedError">org.opentest4j.AssertionFailedError: deposit should throw an IllegalArgumentException when given negative amounts.
	at encapsulation.AccountTest.testDepositNegativeAmount(AccountTest.java:75)
</failure>
  </testcase>
  <testcase name="testDeposit" classname="encapsulation.AccountTest" time="0.004">
    <failure message="expected: &lt;200.0&gt; but was: &lt;100.0&gt;" type="org.opentest4j.AssertionFailedError"><![CDATA[org.opentest4j.AssertionFailedError: expected: <200.0> but was: <100.0>
	at encapsulation.AccountTest.testDeposit(AccountTest.java:69)
]]></failure>
  </testcase>
  <testcase name="testingThatBalanceAndInterestRateAreSetCorrectly" classname="encapsulation.AccountTest" time="0.002"/>
</testsuite>