<?xml version="1.0" encoding="UTF-8"?>
<testsuite xmlns:xsi="http://www.w3.org/2001/XMLSchema-instance" xsi:noNamespaceSchemaLocation="https://maven.apache.org/surefire/maven-surefire-plugin/xsd/surefire-test-report.xsd" name="stateandbehavior.RectangleTest" time="0.064" tests="8" errors="0" skipped="0" failures="8">
  <properties>
[...]
</properties>
  <testcase name="testAddXY" classname="stateandbehavior.RectangleTest" time="0.028">
    <failure message="expected: &lt;1&gt; but was: &lt;2&gt;" type="org.opentest4j.AssertionFailedError"><![CDATA[org.opentest4j.AssertionFailedError: expected: <1> but was: <2>
	at stateandbehavior.RectangleTest.assertValues(RectangleTest.java:24)
	at stateandbehavior.RectangleTest.testAddXY(RectangleTest.java:64)
]]></failure>
  </testcase>
  <testcase name="testUnion" classname="stateandbehavior.RectangleTest" time="0.001">
    <failure message="expected: &lt;1&gt; but was: &lt;2&gt;" type="org.opentest4j.AssertionFailedError"><![CDATA[org.opentest4j.AssertionFailedError: expected: <1> but was: <2>
	at stateandbehavior.RectangleTest.assertValues(RectangleTest.java:24)
	at stateandbehavior.RectangleTest.testUnion(RectangleTest.java:153)
]]></failure>
  </testcase>
  <testcase name="testAddRectangleToEmpty" classname="stateandbehavior.RectangleTest" time="0.003">
    <failure message="expected: &lt;1&gt; but was: &lt;2&gt;" type="org.opentest4j.AssertionFailedError"><![CDATA[org.opentest4j.AssertionFailedError: expected: <1> but was: <2>
	at stateandbehavior.RectangleTest.assertValues(RectangleTest.java:24)
	at stateandbehavior.RectangleTest.testAddRectangleToEmpty(RectangleTest.java:92)
]]></failure>
  </testcase>
  <testcase name="testAddXYToEmpty" classname="stateandbehavior.RectangleTest" time="0.007">
    <failure message="expected: &lt;1&gt; but was: &lt;2&gt;" type="org.opentest4j.AssertionFailedError"><![CDATA[org.opentest4j.AssertionFailedError: expected: <1> but was: <2>
	at stateandbehavior.RectangleTest.assertValues(RectangleTest.java:24)
	at stateandbehavior.RectangleTest.testAddXYToEmpty(RectangleTest.java:54)
]]></failure>
  </testcase>
  <testcase name="testAddSameXY" classname="stateandbehavior.RectangleTest" time="0.003">
    <failure message="expected: &lt;1&gt; but was: &lt;2&gt;" type="org.opentest4j.AssertionFailedError"><![CDATA[org.opentest4j.AssertionFailedError: expected: <1> but was: <2>
	at stateandbehavior.RectangleTest.assertValues(RectangleTest.java:24)
	at stateandbehavior.RectangleTest.testAddSameXY(RectangleTest.java:80)
]]></failure>
  </testcase>
  <testcase name="testAddSameRectangle" classname="stateandbehavior.RectangleTest" time="0.002">
    <failure message="expected: &lt;1&gt; but was: &lt;2&gt;" type="org.opentest4j.AssertionFailedError"><![CDATA[org.opentest4j.AssertionFailedError: expected: <1> but was: <2>
	at stateandbehavior.RectangleTest.assertValues(RectangleTest.java:24)
	at stateandbehavior.RectangleTest.testAddSameRectangle(RectangleTest.java:132)
]]></failure>
  </testcase>
  <testcase name="testRectangle" classname="stateandbehavior.RectangleTest" time="0.001">
    <failure message="expected: &lt;0&gt; but was: &lt;1&gt;" type="org.opentest4j.AssertionFailedError"><![CDATA[org.opentest4j.AssertionFailedError: expected: <0> but was: <1>
	at stateandbehavior.RectangleTest.assertValues(RectangleTest.java:24)
	at stateandbehavior.RectangleTest.assertEmpty(RectangleTest.java:31)
	at stateandbehavior.RectangleTest.testRectangle(RectangleTest.java:37)
]]></failure>
  </testcase>
  <testcase name="testAddRectangle" classname="stateandbehavior.RectangleTest" time="0.003">
    <failure message="expected: &lt;1&gt; but was: &lt;2&gt;" type="org.opentest4j.AssertionFailedError"><![CDATA[org.opentest4j.AssertionFailedError: expected: <1> but was: <2>
	at stateandbehavior.RectangleTest.assertValues(RectangleTest.java:24)
	at stateandbehavior.RectangleTest.testAddRectangle(RectangleTest.java:109)
]]></failure>
  </testcase>
</testsuite>